<?xml version="1.0" encoding="UTF-8"?>
<!-- Generated by org.testng.reporters.JUnitReportReporter -->
<testsuite hostname="DESKTOP-0RPD1E9" failures="0" tests="1" name="com.simpletest.TC_02CreateUserdata" time="2.309" errors="0" timestamp="2022-10-20T18:39:39 PDT" skipped="0">
  <testcase classname="com.simpletest.TC_02CreateUserdata" name="adduserdetails" time="2.309"/>
  <system-out/>
</testsuite> <!-- com.simpletest.TC_02CreateUserdata -->
