<?xml version="1.0" encoding="UTF-8"?>
<!-- Generated by org.testng.reporters.JUnitReportReporter -->
<testsuite hostname="DESKTOP-0RPD1E9" failures="0" tests="3" name="com.simpletest.TC_02CreateDeleteUserdata" time="2.421" errors="0" timestamp="2022-10-20T20:08:24 PDT" skipped="0">
  <testcase classname="com.simpletest.TC_02CreateDeleteUserdata" name="adduserdetails" time="1.645"/>
  <system-out/>
  <testcase classname="com.simpletest.TC_02CreateDeleteUserdata" name="deleteuser" time="0.372"/>
  <system-out/>
  <testcase classname="com.simpletest.TC_02CreateDeleteUserdata" name="deleteuser2" time="0.404"/>
  <system-out/>
</testsuite> <!-- com.simpletest.TC_02CreateDeleteUserdata -->
