<?xml version="1.0" encoding="UTF-8"?>
<!-- Generated by org.testng.reporters.JUnitReportReporter -->
<testsuite hostname="DESKTOP-0RPD1E9" failures="0" tests="1" name="com.simpletest.TC_05getemployee" time="0.486" errors="0" timestamp="2022-10-20T20:08:24 PDT" skipped="0">
  <testcase classname="com.simpletest.TC_05getemployee" name="getusermethod" time="0.486"/>
  <system-out/>
</testsuite> <!-- com.simpletest.TC_05getemployee -->
